mode: set
wepapp/cmd/web/db.go:12.42,14.16 2 1
wepapp/cmd/web/db.go:14.16,16.3 1 0
wepapp/cmd/web/db.go:18.2,19.16 2 1
wepapp/cmd/web/db.go:19.16,21.3 1 0
wepapp/cmd/web/db.go:23.2,23.16 1 1
wepapp/cmd/web/db.go:26.56,28.16 2 1
wepapp/cmd/web/db.go:28.16,30.3 1 0
wepapp/cmd/web/db.go:32.2,34.24 2 1
wepapp/cmd/web/forms.go:10.42,12.26 2 1
wepapp/cmd/web/forms.go:12.26,14.3 1 1
wepapp/cmd/web/forms.go:16.2,16.22 1 1
wepapp/cmd/web/forms.go:19.44,21.2 1 1
wepapp/cmd/web/forms.go:28.37,33.2 1 1
wepapp/cmd/web/forms.go:35.39,37.13 2 1
wepapp/cmd/web/forms.go:37.13,39.3 1 1
wepapp/cmd/web/forms.go:40.2,40.13 1 1
wepapp/cmd/web/forms.go:43.43,44.31 1 1
wepapp/cmd/web/forms.go:44.31,46.37 2 1
wepapp/cmd/web/forms.go:46.37,48.4 1 1
wepapp/cmd/web/forms.go:52.52,53.9 1 1
wepapp/cmd/web/forms.go:53.9,55.3 1 1
wepapp/cmd/web/forms.go:58.29,60.2 1 1
wepapp/cmd/web/handlers.go:14.70,17.45 2 1
wepapp/cmd/web/handlers.go:17.45,20.3 2 1
wepapp/cmd/web/handlers.go:20.8,22.3 1 1
wepapp/cmd/web/handlers.go:24.2,24.67 1 1
wepapp/cmd/web/handlers.go:27.73,29.2 1 0
wepapp/cmd/web/handlers.go:39.109,42.16 2 1
wepapp/cmd/web/handlers.go:42.16,45.3 2 1
wepapp/cmd/web/handlers.go:47.2,54.16 5 1
wepapp/cmd/web/handlers.go:54.16,56.3 1 0
wepapp/cmd/web/handlers.go:58.2,58.12 1 1
wepapp/cmd/web/handlers.go:61.71,64.16 2 1
wepapp/cmd/web/handlers.go:64.16,68.3 3 0
wepapp/cmd/web/handlers.go:71.2,74.19 3 1
wepapp/cmd/web/handlers.go:74.19,79.3 3 1
wepapp/cmd/web/handlers.go:81.2,85.16 4 1
wepapp/cmd/web/handlers.go:85.16,89.3 3 1
wepapp/cmd/web/handlers.go:91.2,91.42 1 1
wepapp/cmd/web/handlers.go:91.42,95.3 3 1
wepapp/cmd/web/handlers.go:98.2,102.59 3 1
wepapp/cmd/web/handlers.go:111.94,112.72 1 1
wepapp/cmd/web/handlers.go:112.72,114.3 1 1
wepapp/cmd/web/handlers.go:116.2,117.13 2 1
wepapp/cmd/web/main.go:20.13,29.16 6 0
wepapp/cmd/web/main.go:29.16,31.3 1 0
wepapp/cmd/web/main.go:33.2,45.16 7 0
wepapp/cmd/web/main.go:45.16,47.3 1 0
wepapp/cmd/web/middleware.go:14.67,16.2 1 1
wepapp/cmd/web/middleware.go:18.72,19.71 1 1
wepapp/cmd/web/middleware.go:19.71,23.17 3 1
wepapp/cmd/web/middleware.go:23.17,25.20 2 1
wepapp/cmd/web/middleware.go:25.20,27.5 1 1
wepapp/cmd/web/middleware.go:28.4,28.60 1 1
wepapp/cmd/web/middleware.go:29.9,31.4 1 1
wepapp/cmd/web/middleware.go:32.3,32.40 1 1
wepapp/cmd/web/middleware.go:36.45,38.16 2 1
wepapp/cmd/web/middleware.go:38.16,40.3 1 1
wepapp/cmd/web/middleware.go:42.2,43.19 2 1
wepapp/cmd/web/middleware.go:43.19,45.3 1 1
wepapp/cmd/web/middleware.go:47.2,48.22 2 1
wepapp/cmd/web/middleware.go:48.22,50.3 1 1
wepapp/cmd/web/middleware.go:52.2,52.18 1 1
wepapp/cmd/web/middleware.go:52.18,54.3 1 0
wepapp/cmd/web/middleware.go:56.2,56.16 1 1
wepapp/cmd/web/routes.go:10.47,26.2 10 1
wepapp/cmd/web/sessions.go:10.39,18.2 6 1
